{
    "problem_identifier": "problem_5",
    "prompt_identifier": "detailed_prompt",
    "model_identifier": "text-davinci-002",
    "score": 0.0,
    "sub_criteria_scores": null,
    "issues": [
        "Test failed: Input: a = 10, b = 3\nExpected Output: 1 Result: {'exception': 'EOF while scanning triple-quoted string literal (<string>, line 21)', 'traceback': 'Traceback (most recent call last):\\n  File \"/Users/morgang/code/LLMCodingBenchmarkingFramework/execution.py\", line 27, in executor_script\\n    exec(function_code, exec_globals)\\n  File \"<string>\", line 21\\n    \"\"\"\\n\\nimport random\\nimport unittest\\n\\n\\ndef remainder(a, b):\\n    return a % b\\n\\n\\nclass TestRemainder(unittest.TestCase):\\n    def test_random(self):\\n        a = random.randint(1, 10)\\n        b = random.randint(1, 10)\\n        expected = a % b\\n        actual = remainder(a, b)\\n        self.assertEqual(actual, expected)\\n\\n\\nif __name__ == \"__main__\":\\n    unittest.main()\\n       \\n\\n             \\n               \\n\\n\\n                    \\n                \\n\\n\\n                                       \\n                          \\n                                 \\n                                 \\n                        \\n                                \\n                                          \\n\\n\\n                          \\n                   ^\\nSyntaxError: EOF while scanning triple-quoted string literal\\n', 'parameters': [10, 3], 'function_code': '\"\"\"\\n\\nimport random\\nimport unittest\\n\\n\\ndef remainder(a, b):\\n    return a % b\\n\\n\\nclass TestRemainder(unittest.TestCase):\\n    def test_random(self):\\n        a = random.randint(1, 10)\\n        b = random.randint(1, 10)\\n        expected = a % b\\n        actual = remainder(a, b)\\n        self.assertEqual(actual, expected)\\n\\n\\nif __name__ == \"__main__\":\\n    unittest.main()'}",
        "Test failed: Input: a = 8, b = 2\nExpected Output: 0 Result: {'exception': 'EOF while scanning triple-quoted string literal (<string>, line 21)', 'traceback': 'Traceback (most recent call last):\\n  File \"/Users/morgang/code/LLMCodingBenchmarkingFramework/execution.py\", line 27, in executor_script\\n    exec(function_code, exec_globals)\\n  File \"<string>\", line 21\\n    \"\"\"\\n\\nimport random\\nimport unittest\\n\\n\\ndef remainder(a, b):\\n    return a % b\\n\\n\\nclass TestRemainder(unittest.TestCase):\\n    def test_random(self):\\n        a = random.randint(1, 10)\\n        b = random.randint(1, 10)\\n        expected = a % b\\n        actual = remainder(a, b)\\n        self.assertEqual(actual, expected)\\n\\n\\nif __name__ == \"__main__\":\\n    unittest.main()\\n       \\n\\n             \\n               \\n\\n\\n                    \\n                \\n\\n\\n                                       \\n                          \\n                                 \\n                                 \\n                        \\n                                \\n                                          \\n\\n\\n                          \\n                   ^\\nSyntaxError: EOF while scanning triple-quoted string literal\\n', 'parameters': [8, 2], 'function_code': '\"\"\"\\n\\nimport random\\nimport unittest\\n\\n\\ndef remainder(a, b):\\n    return a % b\\n\\n\\nclass TestRemainder(unittest.TestCase):\\n    def test_random(self):\\n        a = random.randint(1, 10)\\n        b = random.randint(1, 10)\\n        expected = a % b\\n        actual = remainder(a, b)\\n        self.assertEqual(actual, expected)\\n\\n\\nif __name__ == \"__main__\":\\n    unittest.main()'}",
        "Test failed: Input: a = 10, b = 3\nExpected Output: 1 Result: {'exception': 'invalid syntax (<string>, line 1)', 'traceback': 'Traceback (most recent call last):\\n  File \"/Users/morgang/code/LLMCodingBenchmarkingFramework/execution.py\", line 27, in executor_script\\n    exec(function_code, exec_globals)\\n  File \"<string>\", line 1\\n    Test Case 3:\\n         ^\\nSyntaxError: invalid syntax\\n', 'parameters': [10, 3], 'function_code': 'Test Case 3:\\nInput: a = 12, b = 5\\nExpected Output: 2'}",
        "Test failed: Input: a = 8, b = 2\nExpected Output: 0 Result: {'exception': 'invalid syntax (<string>, line 1)', 'traceback': 'Traceback (most recent call last):\\n  File \"/Users/morgang/code/LLMCodingBenchmarkingFramework/execution.py\", line 27, in executor_script\\n    exec(function_code, exec_globals)\\n  File \"<string>\", line 1\\n    Test Case 3:\\n         ^\\nSyntaxError: invalid syntax\\n', 'parameters': [8, 2], 'function_code': 'Test Case 3:\\nInput: a = 12, b = 5\\nExpected Output: 2'}"
    ]
}